<?xml version="1.0" encoding="UTF-8"?>
<coverage generated="1747910461173" clover="3.2.0">
  <project timestamp="1747910461174" name="All files">
    <metrics statements="70" coveredstatements="59" conditionals="33" coveredconditionals="26" methods="17" coveredmethods="14" elements="120" coveredelements="99" complexity="0" loc="70" ncloc="70" packages="2" files="2" classes="2"/>
    <package name="models">
      <metrics statements="60" coveredstatements="59" conditionals="28" coveredconditionals="26" methods="14" coveredmethods="14"/>
      <file name="CurrencyConverter.ts" path="/mnt/c/Projects/qa/src/models/CurrencyConverter.ts">
        <metrics statements="60" coveredstatements="59" conditionals="28" coveredconditionals="26" methods="14" coveredmethods="14"/>
        <line num="21" count="1" type="stmt"/>
        <line num="22" count="27" type="stmt"/>
        <line num="23" count="27" type="stmt"/>
        <line num="24" count="27" type="stmt"/>
        <line num="25" count="27" type="stmt"/>
        <line num="26" count="27" type="stmt"/>
        <line num="33" count="18" type="stmt"/>
        <line num="34" count="18" type="stmt"/>
        <line num="43" count="2" type="cond" truecount="1" falsecount="0"/>
        <line num="44" count="1" type="stmt"/>
        <line num="46" count="1" type="stmt"/>
        <line num="54" count="3" type="cond" truecount="3" falsecount="0"/>
        <line num="55" count="1" type="stmt"/>
        <line num="58" count="2" type="stmt"/>
        <line num="59" count="2" type="stmt"/>
        <line num="60" count="2" type="stmt"/>
        <line num="68" count="4" type="cond" truecount="1" falsecount="0"/>
        <line num="69" count="2" type="stmt"/>
        <line num="71" count="2" type="stmt"/>
        <line num="79" count="2" type="stmt"/>
        <line num="88" count="3" type="cond" truecount="3" falsecount="0"/>
        <line num="89" count="2" type="stmt"/>
        <line num="91" count="1" type="stmt"/>
        <line num="99" count="1" type="stmt"/>
        <line num="111" count="18" type="cond" truecount="1" falsecount="0"/>
        <line num="112" count="1" type="stmt"/>
        <line num="115" count="17" type="cond" truecount="1" falsecount="0"/>
        <line num="116" count="2" type="stmt"/>
        <line num="119" count="15" type="stmt"/>
        <line num="120" count="15" type="stmt"/>
        <line num="123" count="15" type="cond" truecount="3" falsecount="0"/>
        <line num="124" count="1" type="stmt"/>
        <line num="127" count="14" type="cond" truecount="3" falsecount="0"/>
        <line num="128" count="1" type="stmt"/>
        <line num="134" count="13" type="cond" truecount="2" falsecount="0"/>
        <line num="135" count="5" type="stmt"/>
        <line num="136" count="8" type="cond" truecount="2" falsecount="0"/>
        <line num="137" count="1" type="stmt"/>
        <line num="140" count="7" type="stmt"/>
        <line num="141" count="7" type="stmt"/>
        <line num="142" count="7" type="stmt"/>
        <line num="146" count="13" type="stmt"/>
        <line num="148" count="13" type="stmt"/>
        <line num="158" count="13" type="stmt"/>
        <line num="160" count="13" type="stmt"/>
        <line num="169" count="4" type="cond" truecount="1" falsecount="0"/>
        <line num="170" count="1" type="stmt"/>
        <line num="172" count="3" type="stmt"/>
        <line num="180" count="2" type="stmt"/>
        <line num="182" count="2" type="stmt"/>
        <line num="192" count="1" type="stmt"/>
        <line num="202" count="4" type="cond" truecount="1" falsecount="0"/>
        <line num="203" count="1" type="stmt"/>
        <line num="207" count="3" type="cond" truecount="3" falsecount="0"/>
        <line num="208" count="2" type="stmt"/>
        <line num="212" count="1" type="stmt"/>
        <line num="213" count="1" type="stmt"/>
        <line num="216" count="1" type="cond" truecount="1" falsecount="0"/>
        <line num="217" count="1" type="stmt"/>
        <line num="220" count="0" type="cond" truecount="0" falsecount="2"/>
      </file>
    </package>
    <package name="services">
      <metrics statements="10" coveredstatements="0" conditionals="5" coveredconditionals="0" methods="3" coveredmethods="0"/>
      <file name="ExchangeRateService.ts" path="/mnt/c/Projects/qa/src/services/ExchangeRateService.ts">
        <metrics statements="10" coveredstatements="0" conditionals="5" coveredconditionals="0" methods="3" coveredmethods="0"/>
        <line num="1" count="0" type="stmt"/>
        <line num="4" count="0" type="stmt"/>
        <line num="8" count="0" type="stmt"/>
        <line num="16" count="0" type="cond" truecount="0" falsecount="1"/>
        <line num="17" count="0" type="stmt"/>
        <line num="18" count="0" type="stmt"/>
        <line num="20" count="0" type="stmt"/>
        <line num="26" count="0" type="cond" truecount="0" falsecount="1"/>
        <line num="27" count="0" type="stmt"/>
        <line num="29" count="0" type="stmt"/>
      </file>
    </package>
  </project>
</coverage>
