{"/mnt/c/Projects/qa/src/models/CurrencyConverter.ts": {"path":"/mnt/c/Projects/qa/src/models/CurrencyConverter.ts","statementMap":{"0":{"start":{"line":22,"column":10},"end":{"line":22,"column":52}},"1":{"start":{"line":23,"column":10},"end":{"line":23,"column":53}},"2":{"start":{"line":24,"column":10},"end":{"line":24,"column":44}},"3":{"start":{"line":25,"column":10},"end":{"line":25,"column":40}},"4":{"start":{"line":26,"column":10},"end":{"line":26,"column":42}},"5":{"start":{"line":33,"column":4},"end":{"line":33,"column":39}},"6":{"start":{"line":34,"column":4},"end":{"line":34,"column":34}},"7":{"start":{"line":43,"column":4},"end":{"line":45,"column":5}},"8":{"start":{"line":44,"column":6},"end":{"line":44,"column":48}},"9":{"start":{"line":46,"column":4},"end":{"line":46,"column":30}},"10":{"start":{"line":54,"column":4},"end":{"line":56,"column":5}},"11":{"start":{"line":55,"column":6},"end":{"line":55,"column":19}},"12":{"start":{"line":58,"column":16},"end":{"line":58,"column":26}},"13":{"start":{"line":59,"column":23},"end":{"line":59,"column":63}},"14":{"start":{"line":60,"column":4},"end":{"line":60,"column":41}},"15":{"start":{"line":68,"column":4},"end":{"line":70,"column":5}},"16":{"start":{"line":69,"column":6},"end":{"line":69,"column":60}},"17":{"start":{"line":71,"column":4},"end":{"line":71,"column":52}},"18":{"start":{"line":79,"column":4},"end":{"line":79,"column":34}},"19":{"start":{"line":88,"column":4},"end":{"line":90,"column":5}},"20":{"start":{"line":89,"column":6},"end":{"line":89,"column":73}},"21":{"start":{"line":91,"column":4},"end":{"line":91,"column":31}},"22":{"start":{"line":99,"column":4},"end":{"line":99,"column":31}},"23":{"start":{"line":111,"column":4},"end":{"line":113,"column":5}},"24":{"start":{"line":112,"column":6},"end":{"line":112,"column":48}},"25":{"start":{"line":115,"column":4},"end":{"line":117,"column":5}},"26":{"start":{"line":116,"column":6},"end":{"line":116,"column":58}},"27":{"start":{"line":119,"column":4},"end":{"line":119,"column":46}},"28":{"start":{"line":120,"column":4},"end":{"line":120,"column":42}},"29":{"start":{"line":123,"column":4},"end":{"line":125,"column":5}},"30":{"start":{"line":124,"column":6},"end":{"line":124,"column":61}},"31":{"start":{"line":127,"column":4},"end":{"line":129,"column":5}},"32":{"start":{"line":128,"column":6},"end":{"line":128,"column":59}},"33":{"start":{"line":134,"column":4},"end":{"line":143,"column":5}},"34":{"start":{"line":135,"column":6},"end":{"line":135,"column":50}},"35":{"start":{"line":136,"column":11},"end":{"line":143,"column":5}},"36":{"start":{"line":137,"column":6},"end":{"line":137,"column":56}},"37":{"start":{"line":140,"column":23},"end":{"line":140,"column":61}},"38":{"start":{"line":141,"column":21},"end":{"line":141,"column":57}},"39":{"start":{"line":142,"column":6},"end":{"line":142,"column":31}},"40":{"start":{"line":146,"column":19},"end":{"line":146,"column":60}},"41":{"start":{"line":148,"column":47},"end":{"line":155,"column":6}},"42":{"start":{"line":158,"column":4},"end":{"line":158,"column":50}},"43":{"start":{"line":160,"column":4},"end":{"line":160,"column":28}},"44":{"start":{"line":169,"column":4},"end":{"line":171,"column":5}},"45":{"start":{"line":170,"column":6},"end":{"line":170,"column":55}},"46":{"start":{"line":172,"column":4},"end":{"line":172,"column":39}},"47":{"start":{"line":180,"column":27},"end":{"line":180,"column":93}},"48":{"start":{"line":180,"column":72},"end":{"line":180,"column":89}},"49":{"start":{"line":182,"column":4},"end":{"line":185,"column":6}},"50":{"start":{"line":192,"column":4},"end":{"line":192,"column":32}},"51":{"start":{"line":202,"column":4},"end":{"line":204,"column":5}},"52":{"start":{"line":203,"column":6},"end":{"line":203,"column":48}},"53":{"start":{"line":207,"column":4},"end":{"line":209,"column":5}},"54":{"start":{"line":208,"column":6},"end":{"line":208,"column":18}},"55":{"start":{"line":212,"column":23},"end":{"line":212,"column":100}},"56":{"start":{"line":213,"column":28},"end":{"line":213,"column":111}},"57":{"start":{"line":216,"column":4},"end":{"line":218,"column":5}},"58":{"start":{"line":217,"column":6},"end":{"line":217,"column":18}},"59":{"start":{"line":220,"column":4},"end":{"line":220,"column":73}},"60":{"start":{"line":21,"column":0},"end":{"line":21,"column":13}}},"fnMap":{"0":{"name":"(anonymous_0)","decl":{"start":{"line":21,"column":0},"end":{"line":21,"column":13}},"loc":{"start":{"line":21,"column":0},"end":{"line":222,"column":1}}},"1":{"name":"(anonymous_1)","decl":{"start":{"line":32,"column":9},"end":{"line":32,"column":25}},"loc":{"start":{"line":32,"column":53},"end":{"line":35,"column":3}}},"2":{"name":"(anonymous_2)","decl":{"start":{"line":42,"column":9},"end":{"line":42,"column":25}},"loc":{"start":{"line":42,"column":25},"end":{"line":47,"column":3}}},"3":{"name":"(anonymous_3)","decl":{"start":{"line":53,"column":9},"end":{"line":53,"column":30}},"loc":{"start":{"line":53,"column":30},"end":{"line":61,"column":3}}},"4":{"name":"(anonymous_4)","decl":{"start":{"line":67,"column":9},"end":{"line":67,"column":29}},"loc":{"start":{"line":67,"column":46},"end":{"line":72,"column":3}}},"5":{"name":"(anonymous_5)","decl":{"start":{"line":78,"column":9},"end":{"line":78,"column":29}},"loc":{"start":{"line":78,"column":29},"end":{"line":80,"column":3}}},"6":{"name":"(anonymous_6)","decl":{"start":{"line":87,"column":9},"end":{"line":87,"column":26}},"loc":{"start":{"line":87,"column":39},"end":{"line":92,"column":3}}},"7":{"name":"(anonymous_7)","decl":{"start":{"line":98,"column":9},"end":{"line":98,"column":26}},"loc":{"start":{"line":98,"column":26},"end":{"line":100,"column":3}}},"8":{"name":"(anonymous_8)","decl":{"start":{"line":110,"column":9},"end":{"line":110,"column":16}},"loc":{"start":{"line":110,"column":73},"end":{"line":161,"column":3}}},"9":{"name":"(anonymous_9)","decl":{"start":{"line":168,"column":9},"end":{"line":168,"column":29}},"loc":{"start":{"line":168,"column":44},"end":{"line":173,"column":3}}},"10":{"name":"(anonymous_10)","decl":{"start":{"line":179,"column":9},"end":{"line":179,"column":32}},"loc":{"start":{"line":179,"column":32},"end":{"line":186,"column":3}}},"11":{"name":"(anonymous_11)","decl":{"start":{"line":180,"column":57},"end":{"line":180,"column":58}},"loc":{"start":{"line":180,"column":72},"end":{"line":180,"column":89}}},"12":{"name":"(anonymous_12)","decl":{"start":{"line":191,"column":9},"end":{"line":191,"column":31}},"loc":{"start":{"line":191,"column":31},"end":{"line":193,"column":3}}},"13":{"name":"(anonymous_13)","decl":{"start":{"line":201,"column":9},"end":{"line":201,"column":34}},"loc":{"start":{"line":201,"column":75},"end":{"line":221,"column":3}}}},"branchMap":{"0":{"loc":{"start":{"line":43,"column":4},"end":{"line":45,"column":5}},"type":"if","locations":[{"start":{"line":43,"column":4},"end":{"line":45,"column":5}}]},"1":{"loc":{"start":{"line":54,"column":4},"end":{"line":56,"column":5}},"type":"if","locations":[{"start":{"line":54,"column":4},"end":{"line":56,"column":5}}]},"2":{"loc":{"start":{"line":54,"column":8},"end":{"line":54,"column":48}},"type":"binary-expr","locations":[{"start":{"line":54,"column":8},"end":{"line":54,"column":27}},{"start":{"line":54,"column":31},"end":{"line":54,"column":48}}]},"3":{"loc":{"start":{"line":68,"column":4},"end":{"line":70,"column":5}},"type":"if","locations":[{"start":{"line":68,"column":4},"end":{"line":70,"column":5}}]},"4":{"loc":{"start":{"line":88,"column":4},"end":{"line":90,"column":5}},"type":"if","locations":[{"start":{"line":88,"column":4},"end":{"line":90,"column":5}}]},"5":{"loc":{"start":{"line":88,"column":8},"end":{"line":88,"column":30}},"type":"binary-expr","locations":[{"start":{"line":88,"column":8},"end":{"line":88,"column":16}},{"start":{"line":88,"column":20},"end":{"line":88,"column":30}}]},"6":{"loc":{"start":{"line":111,"column":4},"end":{"line":113,"column":5}},"type":"if","locations":[{"start":{"line":111,"column":4},"end":{"line":113,"column":5}}]},"7":{"loc":{"start":{"line":115,"column":4},"end":{"line":117,"column":5}},"type":"if","locations":[{"start":{"line":115,"column":4},"end":{"line":117,"column":5}}]},"8":{"loc":{"start":{"line":123,"column":4},"end":{"line":125,"column":5}},"type":"if","locations":[{"start":{"line":123,"column":4},"end":{"line":125,"column":5}}]},"9":{"loc":{"start":{"line":123,"column":8},"end":{"line":123,"column":91}},"type":"binary-expr","locations":[{"start":{"line":123,"column":8},"end":{"line":123,"column":48}},{"start":{"line":123,"column":52},"end":{"line":123,"column":91}}]},"10":{"loc":{"start":{"line":127,"column":4},"end":{"line":129,"column":5}},"type":"if","locations":[{"start":{"line":127,"column":4},"end":{"line":129,"column":5}}]},"11":{"loc":{"start":{"line":127,"column":8},"end":{"line":127,"column":87}},"type":"binary-expr","locations":[{"start":{"line":127,"column":8},"end":{"line":127,"column":46}},{"start":{"line":127,"column":50},"end":{"line":127,"column":87}}]},"12":{"loc":{"start":{"line":134,"column":4},"end":{"line":143,"column":5}},"type":"if","locations":[{"start":{"line":134,"column":4},"end":{"line":143,"column":5}},{"start":{"line":136,"column":11},"end":{"line":143,"column":5}}]},"13":{"loc":{"start":{"line":136,"column":11},"end":{"line":143,"column":5}},"type":"if","locations":[{"start":{"line":136,"column":11},"end":{"line":143,"column":5}},{"start":{"line":138,"column":11},"end":{"line":143,"column":5}}]},"14":{"loc":{"start":{"line":169,"column":4},"end":{"line":171,"column":5}},"type":"if","locations":[{"start":{"line":169,"column":4},"end":{"line":171,"column":5}}]},"15":{"loc":{"start":{"line":202,"column":4},"end":{"line":204,"column":5}},"type":"if","locations":[{"start":{"line":202,"column":4},"end":{"line":204,"column":5}}]},"16":{"loc":{"start":{"line":207,"column":4},"end":{"line":209,"column":5}},"type":"if","locations":[{"start":{"line":207,"column":4},"end":{"line":209,"column":5}}]},"17":{"loc":{"start":{"line":207,"column":8},"end":{"line":207,"column":90}},"type":"binary-expr","locations":[{"start":{"line":207,"column":8},"end":{"line":207,"column":48}},{"start":{"line":207,"column":52},"end":{"line":207,"column":90}}]},"18":{"loc":{"start":{"line":216,"column":4},"end":{"line":218,"column":5}},"type":"if","locations":[{"start":{"line":216,"column":4},"end":{"line":218,"column":5}}]},"19":{"loc":{"start":{"line":220,"column":11},"end":{"line":220,"column":72}},"type":"cond-expr","locations":[{"start":{"line":220,"column":42},"end":{"line":220,"column":46}},{"start":{"line":220,"column":49},"end":{"line":220,"column":72}}]}},"s":{"0":27,"1":27,"2":27,"3":27,"4":27,"5":18,"6":18,"7":2,"8":1,"9":1,"10":3,"11":1,"12":2,"13":2,"14":2,"15":4,"16":2,"17":2,"18":2,"19":3,"20":2,"21":1,"22":1,"23":18,"24":1,"25":17,"26":2,"27":15,"28":15,"29":15,"30":1,"31":14,"32":1,"33":13,"34":5,"35":8,"36":1,"37":7,"38":7,"39":7,"40":13,"41":13,"42":13,"43":13,"44":4,"45":1,"46":3,"47":2,"48":2,"49":2,"50":1,"51":4,"52":1,"53":3,"54":2,"55":1,"56":1,"57":1,"58":1,"59":0,"60":1},"f":{"0":27,"1":18,"2":2,"3":3,"4":4,"5":2,"6":3,"7":1,"8":18,"9":4,"10":2,"11":2,"12":1,"13":4},"b":{"0":[1],"1":[1],"2":[3,2],"3":[2],"4":[2],"5":[3,2],"6":[1],"7":[2],"8":[1],"9":[15,9],"10":[1],"11":[14,13],"12":[5,8],"13":[1,7],"14":[1],"15":[1],"16":[2],"17":[3,2],"18":[1],"19":[0,0]}}
,"/mnt/c/Projects/qa/src/services/ExchangeRateService.ts": {"path":"/mnt/c/Projects/qa/src/services/ExchangeRateService.ts","statementMap":{"0":{"start":{"line":1,"column":0},"end":{"line":1,"column":26}},"1":{"start":{"line":8,"column":4},"end":{"line":8,"column":25}},"2":{"start":{"line":16,"column":34},"end":{"line":31,"column":null}},"3":{"start":{"line":17,"column":4},"end":{"line":30,"column":5}},"4":{"start":{"line":18,"column":23},"end":{"line":18,"column":72}},"5":{"start":{"line":20,"column":6},"end":{"line":24,"column":8}},"6":{"start":{"line":26,"column":6},"end":{"line":28,"column":7}},"7":{"start":{"line":27,"column":8},"end":{"line":27,"column":76}},"8":{"start":{"line":29,"column":6},"end":{"line":29,"column":18}},"9":{"start":{"line":4,"column":0},"end":{"line":4,"column":13}}},"fnMap":{"0":{"name":"(anonymous_8)","decl":{"start":{"line":7,"column":2},"end":{"line":7,"column":14}},"loc":{"start":{"line":7,"column":75},"end":{"line":9,"column":3}}},"1":{"name":"(anonymous_9)","decl":{"start":{"line":16,"column":15},"end":{"line":16,"column":33}},"loc":{"start":{"line":16,"column":33},"end":{"line":31,"column":null}}},"2":{"name":"(anonymous_10)","decl":{"start":{"line":16,"column":34},"end":{"line":16,"column":57}},"loc":{"start":{"line":16,"column":62},"end":{"line":31,"column":3}}}},"branchMap":{"0":{"loc":{"start":{"line":7,"column":14},"end":{"line":7,"column":75}},"type":"default-arg","locations":[{"start":{"line":7,"column":31},"end":{"line":7,"column":75}}]},"1":{"loc":{"start":{"line":16,"column":34},"end":{"line":16,"column":62}},"type":"default-arg","locations":[{"start":{"line":16,"column":57},"end":{"line":16,"column":62}}]},"2":{"loc":{"start":{"line":23,"column":19},"end":{"line":23,"column":64}},"type":"binary-expr","locations":[{"start":{"line":23,"column":19},"end":{"line":23,"column":50}},{"start":{"line":23,"column":54},"end":{"line":23,"column":64}}]},"3":{"loc":{"start":{"line":26,"column":6},"end":{"line":28,"column":7}},"type":"if","locations":[{"start":{"line":26,"column":6},"end":{"line":28,"column":7}}]}},"s":{"0":0,"1":0,"2":0,"3":0,"4":0,"5":0,"6":0,"7":0,"8":0,"9":0},"f":{"0":0,"1":0,"2":0},"b":{"0":[0],"1":[0],"2":[0,0],"3":[0]}}
}
