TN:
SF:src/mocks/setupMocks.ts
FN:6,setupCurrencyMock
FN:58,(anonymous_18)
FN:59,(anonymous_19)
FN:98,(anonymous_20)
FN:103,(anonymous_21)
FN:104,(anonymous_22)
FN:106,(anonymous_23)
FNF:7
FNH:0
FNDA:0,setupCurrencyMock
FNDA:0,(anonymous_18)
FNDA:0,(anonymous_19)
FNDA:0,(anonymous_20)
FNDA:0,(anonymous_21)
FNDA:0,(anonymous_22)
FNDA:0,(anonymous_23)
DA:1,0
DA:2,0
DA:4,0
DA:6,0
DA:7,0
DA:22,0
DA:37,0
DA:52,0
DA:58,0
DA:59,0
DA:60,0
DA:61,0
DA:63,0
DA:65,0
DA:66,0
DA:67,0
DA:69,0
DA:70,0
DA:71,0
DA:72,0
DA:75,0
DA:76,0
DA:77,0
DA:78,0
DA:81,0
DA:82,0
DA:83,0
DA:84,0
DA:87,0
DA:88,0
DA:89,0
DA:90,0
DA:91,0
DA:94,0
DA:95,0
DA:98,0
DA:99,0
DA:101,0
DA:104,0
DA:105,0
DA:106,0
DA:107,0
DA:108,0
LF:43
LH:0
BRDA:60,0,0,0
BRDA:60,0,1,0
BRDA:69,1,0,0
BRDA:75,2,0,0
BRDA:81,3,0,0
BRDA:88,4,0,0
BRF:6
BRH:0
end_of_record
TN:
SF:src/models/CurrencyConverter.ts
FN:21,(anonymous_0)
FN:31,(anonymous_1)
FN:40,(anonymous_2)
FN:50,(anonymous_3)
FN:63,(anonymous_4)
FN:73,(anonymous_5)
FN:81,(anonymous_6)
FN:91,(anonymous_7)
FN:102,(anonymous_8)
FN:154,(anonymous_9)
FN:164,(anonymous_10)
FN:165,(anonymous_11)
FN:173,(anonymous_12)
FN:182,(anonymous_13)
FNF:14
FNH:14
FNDA:29,(anonymous_0)
FNDA:18,(anonymous_1)
FNDA:2,(anonymous_2)
FNDA:3,(anonymous_3)
FNDA:5,(anonymous_4)
FNDA:4,(anonymous_5)
FNDA:3,(anonymous_6)
FNDA:1,(anonymous_7)
FNDA:18,(anonymous_8)
FNDA:4,(anonymous_9)
FNDA:2,(anonymous_10)
FNDA:2,(anonymous_11)
FNDA:1,(anonymous_12)
FNDA:4,(anonymous_13)
DA:21,2
DA:22,29
DA:23,29
DA:24,29
DA:25,29
DA:26,29
DA:32,18
DA:33,18
DA:41,2
DA:42,1
DA:44,1
DA:51,3
DA:52,1
DA:55,2
DA:56,2
DA:57,2
DA:64,5
DA:65,2
DA:67,3
DA:74,4
DA:82,3
DA:83,2
DA:85,1
DA:92,1
DA:103,18
DA:104,1
DA:107,17
DA:108,2
DA:111,15
DA:112,15
DA:114,15
DA:115,1
DA:118,14
DA:119,1
DA:124,13
DA:125,5
DA:126,8
DA:127,1
DA:129,7
DA:130,7
DA:131,7
DA:134,13
DA:136,13
DA:145,13
DA:147,13
DA:155,4
DA:156,1
DA:158,3
DA:165,2
DA:167,2
DA:174,1
DA:183,4
DA:184,1
DA:187,3
DA:188,2
DA:191,1
DA:192,1
DA:194,1
DA:195,1
DA:198,0
LF:60
LH:59
BRDA:41,0,0,1
BRDA:51,1,0,1
BRDA:51,2,0,3
BRDA:51,2,1,2
BRDA:64,3,0,2
BRDA:82,4,0,2
BRDA:82,5,0,3
BRDA:82,5,1,2
BRDA:103,6,0,1
BRDA:107,7,0,2
BRDA:114,8,0,1
BRDA:114,9,0,15
BRDA:114,9,1,9
BRDA:118,10,0,1
BRDA:118,11,0,14
BRDA:118,11,1,13
BRDA:124,12,0,5
BRDA:124,12,1,8
BRDA:126,13,0,1
BRDA:126,13,1,7
BRDA:155,14,0,1
BRDA:183,15,0,1
BRDA:187,16,0,2
BRDA:187,17,0,3
BRDA:187,17,1,2
BRDA:194,18,0,1
BRDA:198,19,0,0
BRDA:198,19,1,0
BRF:28
BRH:26
end_of_record
TN:
SF:src/services/ExchangeRateService.ts
FN:7,(anonymous_8)
FN:15,(anonymous_9)
FN:15,(anonymous_10)
FN:36,(anonymous_11)
FN:36,(anonymous_12)
FNF:5
FNH:3
FNDA:5,(anonymous_8)
FNDA:4,(anonymous_9)
FNDA:4,(anonymous_10)
FNDA:0,(anonymous_11)
FNDA:0,(anonymous_12)
DA:1,1
DA:4,1
DA:8,5
DA:15,4
DA:16,4
DA:17,4
DA:19,3
DA:25,1
DA:26,1
DA:28,0
DA:36,0
DA:37,0
DA:38,0
DA:40,0
DA:46,0
DA:47,0
DA:49,0
LF:17
LH:9
BRDA:7,0,0,1
BRDA:15,1,0,0
BRDA:22,2,0,3
BRDA:22,2,1,2
BRDA:25,3,0,1
BRDA:36,4,0,0
BRDA:43,5,0,0
BRDA:43,5,1,0
BRDA:46,6,0,0
BRF:9
BRH:4
end_of_record
